Using pre-set license
Built from '2020.2/release' branch; Version is '2020.2.4f1 (becced5a802b) revision 12504301'; Using compiler version '192528614'; Build Type 'Release'
OS: 'Windows 10 Home; OS build 22631.5189; Version 2009; 64bit' Language: 'es' Physical Memory: 31849 MB
BatchMode: 1, IsHumanControllingUs: 0, StartBugReporterOnCrash: 0, Is64bit: 1, IsPro: 0

 COMMAND LINE ARGUMENTS:
C:\Program Files\Unity\Hub\Editor\2020.2.4f1\Editor\Unity.exe
-adb2
-batchMode
-noUpm
-name
AssetImportWorker0
-projectPath
C:/Users/AlexF/Downloads/P2 - Introduction to Scripting - Alex/Introduction to Scripting - Alex
-logFile
Logs/AssetImportWorker0.log
-srvPort
52347
Successfully changed project path to: C:/Users/AlexF/Downloads/P2 - Introduction to Scripting - Alex/Introduction to Scripting - Alex
C:/Users/AlexF/Downloads/P2 - Introduction to Scripting - Alex/Introduction to Scripting - Alex
Using Asset Import Pipeline V2.
Refreshing native plugins compatible for Editor in 12.30 ms, found 0 plugins.
Preloading 0 native plugins for Editor in 0.00 ms.
Initialize engine version: 2020.2.4f1 (becced5a802b)
[Subsystems] Discovering subsystems at path C:/Program Files/Unity/Hub/Editor/2020.2.4f1/Editor/Data/Resources/UnitySubsystems
[Subsystems] Discovering subsystems at path C:/Users/AlexF/Downloads/P2 - Introduction to Scripting - Alex/Introduction to Scripting - Alex/Assets
GfxDevice: creating device client; threaded=0
Direct3D:
    Version:  Direct3D 11.0 [level 11.1]
    Renderer: NVIDIA GeForce RTX 4080 SUPER (ID=0x2702)
    Vendor:   
    VRAM:     16047 MB
    Driver:   32.0.15.7602
Initialize mono
Mono path[0] = 'C:/Program Files/Unity/Hub/Editor/2020.2.4f1/Editor/Data/Managed'
Mono path[1] = 'C:/Program Files/Unity/Hub/Editor/2020.2.4f1/Editor/Data/MonoBleedingEdge/lib/mono/unityjit'
Mono config path = 'C:/Program Files/Unity/Hub/Editor/2020.2.4f1/Editor/Data/MonoBleedingEdge/etc'
Using monoOptions --debugger-agent=transport=dt_socket,embedding=1,server=y,suspend=n,address=127.0.0.1:56420
Begin MonoManager ReloadAssembly
Registering precompiled unity dll's ...
Register platform support module: C:/Program Files/Unity/Hub/Editor/2020.2.4f1/Editor/Data/PlaybackEngines/MacStandaloneSupport/UnityEditor.OSXStandalone.Extensions.dll
Register platform support module: C:/Program Files/Unity/Hub/Editor/2020.2.4f1/Editor/Data/PlaybackEngines/WindowsStandaloneSupport/UnityEditor.WindowsStandalone.Extensions.dll
Registered in 0.001139 seconds.
Native extension for WindowsStandalone target not found
Native extension for OSXStandalone target not found
Refreshing native plugins compatible for Editor in 12.19 ms, found 0 plugins.
Preloading 0 native plugins for Editor in 0.00 ms.
Invoked RoslynAnalysisRunner static constructor.
RoslynAnalysisRunner will not be running.
RoslynAnalysisRunner has terminated.
Mono: successfully reloaded assembly
- Completed reload, in  0.555 seconds
Platform modules already initialized, skipping
Registering precompiled user dll's ...
Registered in 0.000337 seconds.
Begin MonoManager ReloadAssembly
Native extension for WindowsStandalone target not found
Native extension for OSXStandalone target not found
Refreshing native plugins compatible for Editor in 0.16 ms, found 0 plugins.
Preloading 0 native plugins for Editor in 0.00 ms.
Invoked RoslynAnalysisRunner static constructor.
RoslynAnalysisRunner will not be running.
RoslynAnalysisRunner has terminated.
Mono: successfully reloaded assembly
- Completed reload, in  0.380 seconds
Platform modules already initialized, skipping
========================================================================
Worker process is ready to serve import requests
Launched and connected shader compiler UnityShaderCompiler.exe after 0.03 seconds
Refreshing native plugins compatible for Editor in 0.22 ms, found 0 plugins.
Preloading 0 native plugins for Editor in 0.00 ms.
Unloading 1111 Unused Serialized files (Serialized files now loaded: 0)
System memory in use before: 58.8 MB.
System memory in use after: 58.9 MB.

Unloading 9 unused Assets to reduce memory usage. Loaded Objects now: 1554.
Total: 1.127200 ms (FindLiveObjects: 0.094400 ms CreateObjectMapping: 0.014000 ms MarkObjects: 0.976200 ms  DeleteObjects: 0.042100 ms)

========================================================================
Received Import Request.
  path: Assets/RW/Prefabs/Game UI.prefab
  artifactKey: Guid(726881a9b8c21e74dbb2d4b473c6d16d) Importer(815301076,1909f56bfc062723c751e8b465ee728b)
Start importing Assets/RW/Prefabs/Game UI.prefab using Guid(726881a9b8c21e74dbb2d4b473c6d16d) Importer(815301076,1909f56bfc062723c751e8b465ee728b)  -> (artifact id: 'a150c6b6d317bdc07596a0e96e3b9445') in 0.070557 seconds
  Import took 0.072041 seconds .

========================================================================
Received Import Request.
  Time since last request: 139.718768 seconds.
  path: Assets/RW/Prefabs/Title
  artifactKey: Guid(7eb9083bebd44864298c0e73441d8f2a) Importer(815301076,1909f56bfc062723c751e8b465ee728b)
Start importing Assets/RW/Prefabs/Title using Guid(7eb9083bebd44864298c0e73441d8f2a) Importer(815301076,1909f56bfc062723c751e8b465ee728b)  -> (artifact id: 'e96c288accdc717d727d6cd77323fbbb') in 0.007241 seconds
  Import took 0.009112 seconds .

========================================================================
Received Import Request.
  Time since last request: 0.048506 seconds.
  path: Assets/RW/Prefabs/Title/Quit Button.prefab
  artifactKey: Guid(ceb8b54db18a85342890b94e2a7c4c2a) Importer(815301076,1909f56bfc062723c751e8b465ee728b)
Start importing Assets/RW/Prefabs/Title/Quit Button.prefab using Guid(ceb8b54db18a85342890b94e2a7c4c2a) Importer(815301076,1909f56bfc062723c751e8b465ee728b)  -> (artifact id: '2fc6e181e48e3e1b3c3a4afebc58528a') in 0.043968 seconds
  Import took 0.045362 seconds .

========================================================================
Received Import Request.
  Time since last request: 0.000131 seconds.
  path: Assets/RW/Prefabs/Title/Start Button.prefab
  artifactKey: Guid(8518085896b53be49b1eedb4c15d53c2) Importer(815301076,1909f56bfc062723c751e8b465ee728b)
Start importing Assets/RW/Prefabs/Title/Start Button.prefab using Guid(8518085896b53be49b1eedb4c15d53c2) Importer(815301076,1909f56bfc062723c751e8b465ee728b)  -> (artifact id: '08f37612d12af2f6d6bf5f0014fcd403') in 0.019756 seconds
  Import took 0.020893 seconds .

========================================================================
Received Import Request.
  Time since last request: 97.455782 seconds.
  path: Assets/RW/Prefabs/X.prefab
  artifactKey: Guid(617684082d55d154d829924e0e2bf214) Importer(815301076,1909f56bfc062723c751e8b465ee728b)
Start importing Assets/RW/Prefabs/X.prefab using Guid(617684082d55d154d829924e0e2bf214) Importer(815301076,1909f56bfc062723c751e8b465ee728b)  -> (artifact id: '492938de91197c0c24aab6c2479103cb') in 0.010638 seconds
  Import took 0.012070 seconds .

========================================================================
Received Import Request.
  Time since last request: 0.000664 seconds.
  path: Assets/RW/Prefabs/X.prefab
  artifactKey: Guid(617684082d55d154d829924e0e2bf214) Importer(815301076,1909f56bfc062723c751e8b465ee728b)
Start importing Assets/RW/Prefabs/X.prefab using Guid(617684082d55d154d829924e0e2bf214) Importer(815301076,1909f56bfc062723c751e8b465ee728b)  -> (artifact id: '492938de91197c0c24aab6c2479103cb') in 0.004059 seconds
  Import took 0.004975 seconds .

========================================================================
Received Import Request.
  Time since last request: 56.819995 seconds.
  path: Assets/RW/Materials/Golden.mat
  artifactKey: Guid(899ae625bd218404f91f8c7b40df8e6a) Importer(815301076,1909f56bfc062723c751e8b465ee728b)
Start importing Assets/RW/Materials/Golden.mat using Guid(899ae625bd218404f91f8c7b40df8e6a) Importer(815301076,1909f56bfc062723c751e8b465ee728b)  -> (artifact id: '172f9f405a3144501b1cd77d915491ab') in 0.023525 seconds
  Import took 0.024932 seconds .

========================================================================
Received Import Request.
  Time since last request: 12.515796 seconds.
  path: Assets/RW/Materials/enemy.mat
  artifactKey: Guid(bf02e40067800c14ba6416a8f0205ef4) Importer(815301076,1909f56bfc062723c751e8b465ee728b)
Start importing Assets/RW/Materials/enemy.mat using Guid(bf02e40067800c14ba6416a8f0205ef4) Importer(815301076,1909f56bfc062723c751e8b465ee728b)  -> (artifact id: '2659c4d77679a5acb480db3797996f5f') in 0.015247 seconds
  Import took 0.016743 seconds .

========================================================================
Received Import Request.
  Time since last request: 24.881958 seconds.
  path: Assets/RW/Prefabs/EnemySheep.prefab
  artifactKey: Guid(2f926c802adc05f4e985b07c93130f5a) Importer(815301076,1909f56bfc062723c751e8b465ee728b)
Start importing Assets/RW/Prefabs/EnemySheep.prefab using Guid(2f926c802adc05f4e985b07c93130f5a) Importer(815301076,1909f56bfc062723c751e8b465ee728b)  -> (artifact id: '09dc02fbabc7d2f5e894861972bf8339') in 0.019188 seconds
  Import took 0.020552 seconds .

========================================================================
Received Import Request.
  Time since last request: 59.008834 seconds.
  path: Assets/RW/Prefabs/EnemySheep.prefab
  artifactKey: Guid(2f926c802adc05f4e985b07c93130f5a) Importer(815301076,1909f56bfc062723c751e8b465ee728b)
Start importing Assets/RW/Prefabs/EnemySheep.prefab using Guid(2f926c802adc05f4e985b07c93130f5a) Importer(815301076,1909f56bfc062723c751e8b465ee728b)  -> (artifact id: '812fc55b5afcce6e349a85c6d546ff70') in 0.015227 seconds
  Import took 0.016716 seconds .

========================================================================
Received Prepare
Registering precompiled user dll's ...
Registered in 0.000325 seconds.
Begin MonoManager ReloadAssembly
Native extension for WindowsStandalone target not found
Native extension for OSXStandalone target not found
Refreshing native plugins compatible for Editor in 0.16 ms, found 0 plugins.
Preloading 0 native plugins for Editor in 0.00 ms.
Invoked RoslynAnalysisRunner static constructor.
RoslynAnalysisRunner will not be running.
RoslynAnalysisRunner has terminated.
Mono: successfully reloaded assembly
- Completed reload, in  0.343 seconds
Platform modules already initialized, skipping
Refreshing native plugins compatible for Editor in 0.24 ms, found 0 plugins.
Preloading 0 native plugins for Editor in 0.00 ms.
Unloading 1092 Unused Serialized files (Serialized files now loaded: 0)
System memory in use before: 61.5 MB.
System memory in use after: 61.6 MB.

Unloading 4 unused Assets to reduce memory usage. Loaded Objects now: 1598.
Total: 1.164800 ms (FindLiveObjects: 0.131300 ms CreateObjectMapping: 0.020400 ms MarkObjects: 0.998100 ms  DeleteObjects: 0.014400 ms)

========================================================================
Received Import Request.
  Time since last request: 286.692059 seconds.
  path: Assets/RW/Prefabs/EnemySheep.prefab
  artifactKey: Guid(2f926c802adc05f4e985b07c93130f5a) Importer(815301076,1909f56bfc062723c751e8b465ee728b)
Start importing Assets/RW/Prefabs/EnemySheep.prefab using Guid(2f926c802adc05f4e985b07c93130f5a) Importer(815301076,1909f56bfc062723c751e8b465ee728b)  -> (artifact id: 'c3a108ae98f8762b32662f8663b20ab7') in 0.032746 seconds
  Import took 0.034207 seconds .

========================================================================
Received Import Request.
  Time since last request: 0.000130 seconds.
  path: Assets/RW/Prefabs/GoldSheep.prefab
  artifactKey: Guid(260871c2e9093354cb9e1a79221ae6ca) Importer(815301076,1909f56bfc062723c751e8b465ee728b)
Start importing Assets/RW/Prefabs/GoldSheep.prefab using Guid(260871c2e9093354cb9e1a79221ae6ca) Importer(815301076,1909f56bfc062723c751e8b465ee728b)  -> (artifact id: 'c66524a3c56715a60988a3d3c1b4e279') in 0.011099 seconds
  Import took 0.012978 seconds .

========================================================================
Received Import Request.
  Time since last request: 0.000119 seconds.
  path: Assets/RW/Prefabs/Sheep.prefab
  artifactKey: Guid(01474fdf485085445984bb5b25d42717) Importer(815301076,1909f56bfc062723c751e8b465ee728b)
Start importing Assets/RW/Prefabs/Sheep.prefab using Guid(01474fdf485085445984bb5b25d42717) Importer(815301076,1909f56bfc062723c751e8b465ee728b)  -> (artifact id: 'e1f9481b7b009f4df232a8d391fe1819') in 0.021456 seconds
  Import took 0.022925 seconds .

========================================================================
Received Import Request.
  Time since last request: 4.297881 seconds.
  path: Assets/RW/Prefabs/EnemySheep.prefab
  artifactKey: Guid(2f926c802adc05f4e985b07c93130f5a) Importer(815301076,1909f56bfc062723c751e8b465ee728b)
Start importing Assets/RW/Prefabs/EnemySheep.prefab using Guid(2f926c802adc05f4e985b07c93130f5a) Importer(815301076,1909f56bfc062723c751e8b465ee728b)  -> (artifact id: '9c4414d64014d3d070a81af69879feda') in 0.006737 seconds
  Import took 0.008096 seconds .

========================================================================
Received Prepare
Registering precompiled user dll's ...
Registered in 0.000346 seconds.
Begin MonoManager ReloadAssembly
Native extension for WindowsStandalone target not found
Native extension for OSXStandalone target not found
Refreshing native plugins compatible for Editor in 0.16 ms, found 0 plugins.
Preloading 0 native plugins for Editor in 0.00 ms.
Invoked RoslynAnalysisRunner static constructor.
RoslynAnalysisRunner will not be running.
RoslynAnalysisRunner has terminated.
Mono: successfully reloaded assembly
- Completed reload, in  0.351 seconds
Platform modules already initialized, skipping
Refreshing native plugins compatible for Editor in 0.21 ms, found 0 plugins.
Preloading 0 native plugins for Editor in 0.00 ms.
Unloading 1092 Unused Serialized files (Serialized files now loaded: 0)
System memory in use before: 61.5 MB.
System memory in use after: 61.6 MB.

Unloading 4 unused Assets to reduce memory usage. Loaded Objects now: 1601.
Total: 1.604500 ms (FindLiveObjects: 0.170600 ms CreateObjectMapping: 0.031700 ms MarkObjects: 1.388600 ms  DeleteObjects: 0.012800 ms)

========================================================================
Received Prepare
Registering precompiled user dll's ...
Registered in 0.000363 seconds.
Begin MonoManager ReloadAssembly
Native extension for WindowsStandalone target not found
Native extension for OSXStandalone target not found
Refreshing native plugins compatible for Editor in 0.16 ms, found 0 plugins.
Preloading 0 native plugins for Editor in 0.00 ms.
Invoked RoslynAnalysisRunner static constructor.
RoslynAnalysisRunner will not be running.
RoslynAnalysisRunner has terminated.
Mono: successfully reloaded assembly
- Completed reload, in  0.325 seconds
Platform modules already initialized, skipping
Refreshing native plugins compatible for Editor in 0.21 ms, found 0 plugins.
Preloading 0 native plugins for Editor in 0.00 ms.
Unloading 1092 Unused Serialized files (Serialized files now loaded: 0)
System memory in use before: 61.5 MB.
System memory in use after: 61.6 MB.

Unloading 4 unused Assets to reduce memory usage. Loaded Objects now: 1603.
Total: 1.156700 ms (FindLiveObjects: 0.106700 ms CreateObjectMapping: 0.016400 ms MarkObjects: 1.020800 ms  DeleteObjects: 0.012000 ms)

========================================================================
Received Import Request.
  Time since last request: 197.286296 seconds.
  path: Assets/RW/Prefabs/X.prefab
  artifactKey: Guid(617684082d55d154d829924e0e2bf214) Importer(815301076,1909f56bfc062723c751e8b465ee728b)
Start importing Assets/RW/Prefabs/X.prefab using Guid(617684082d55d154d829924e0e2bf214) Importer(815301076,1909f56bfc062723c751e8b465ee728b)  -> (artifact id: '35c01035be9a328711f8c4a76cc5fe47') in 0.025554 seconds
  Import took 0.026910 seconds .

========================================================================
Received Import Request.
  Time since last request: 1.013578 seconds.
  path: Assets/RW/Prefabs/X.prefab
  artifactKey: Guid(617684082d55d154d829924e0e2bf214) Importer(815301076,1909f56bfc062723c751e8b465ee728b)
Start importing Assets/RW/Prefabs/X.prefab using Guid(617684082d55d154d829924e0e2bf214) Importer(815301076,1909f56bfc062723c751e8b465ee728b)  -> (artifact id: '345631b63371952e6da04456463b9286') in 0.014987 seconds
  Import took 0.016538 seconds .

========================================================================
Received Import Request.
  Time since last request: 1.190192 seconds.
  path: Assets/RW/Prefabs/X.prefab
  artifactKey: Guid(617684082d55d154d829924e0e2bf214) Importer(815301076,1909f56bfc062723c751e8b465ee728b)
Start importing Assets/RW/Prefabs/X.prefab using Guid(617684082d55d154d829924e0e2bf214) Importer(815301076,1909f56bfc062723c751e8b465ee728b)  -> (artifact id: '1fbb015b3e1e51b4ce236498d2206891') in 0.009090 seconds
  Import took 0.010538 seconds .

========================================================================
Received Import Request.
  Time since last request: 439.801534 seconds.
  path: Assets/RW/Prefabs/EnemySheep.prefab
  artifactKey: Guid(2f926c802adc05f4e985b07c93130f5a) Importer(815301076,1909f56bfc062723c751e8b465ee728b)
Start importing Assets/RW/Prefabs/EnemySheep.prefab using Guid(2f926c802adc05f4e985b07c93130f5a) Importer(815301076,1909f56bfc062723c751e8b465ee728b)  -> (artifact id: 'd22891a2212bec9879eb22ae390f233e') in 0.007428 seconds
  Import took 0.009021 seconds .

========================================================================
Received Import Request.
  Time since last request: 0.006633 seconds.
  path: Assets/RW/Prefabs/EnemySheep.prefab
  artifactKey: Guid(2f926c802adc05f4e985b07c93130f5a) Importer(815301076,1909f56bfc062723c751e8b465ee728b)
Start importing Assets/RW/Prefabs/EnemySheep.prefab using Guid(2f926c802adc05f4e985b07c93130f5a) Importer(815301076,1909f56bfc062723c751e8b465ee728b)  -> (artifact id: 'd22891a2212bec9879eb22ae390f233e') in 0.005201 seconds
  Import took 0.006685 seconds .

========================================================================
Received Prepare
Registering precompiled user dll's ...
Registered in 0.000324 seconds.
Begin MonoManager ReloadAssembly
Native extension for WindowsStandalone target not found
Native extension for OSXStandalone target not found
Refreshing native plugins compatible for Editor in 0.17 ms, found 0 plugins.
Preloading 0 native plugins for Editor in 0.00 ms.
Invoked RoslynAnalysisRunner static constructor.
RoslynAnalysisRunner will not be running.
RoslynAnalysisRunner has terminated.
Mono: successfully reloaded assembly
- Completed reload, in  0.355 seconds
Platform modules already initialized, skipping
Refreshing native plugins compatible for Editor in 0.21 ms, found 0 plugins.
Preloading 0 native plugins for Editor in 0.00 ms.
Unloading 1092 Unused Serialized files (Serialized files now loaded: 0)
System memory in use before: 61.5 MB.
System memory in use after: 61.6 MB.

Unloading 4 unused Assets to reduce memory usage. Loaded Objects now: 1606.
Total: 1.331900 ms (FindLiveObjects: 0.192100 ms CreateObjectMapping: 0.041800 ms MarkObjects: 1.084100 ms  DeleteObjects: 0.012200 ms)

========================================================================
Received Import Request.
  Time since last request: 53.265608 seconds.
  path: Assets/RW/Prefabs/EnemySheep.prefab
  artifactKey: Guid(2f926c802adc05f4e985b07c93130f5a) Importer(815301076,1909f56bfc062723c751e8b465ee728b)
Start importing Assets/RW/Prefabs/EnemySheep.prefab using Guid(2f926c802adc05f4e985b07c93130f5a) Importer(815301076,1909f56bfc062723c751e8b465ee728b)  -> (artifact id: 'e8025b75be2086e69f242f51fc8fde4f') in 0.028478 seconds
  Import took 0.029843 seconds .

========================================================================
Received Import Request.
  Time since last request: 0.000107 seconds.
  path: Assets/RW/Prefabs/GoldSheep.prefab
  artifactKey: Guid(260871c2e9093354cb9e1a79221ae6ca) Importer(815301076,1909f56bfc062723c751e8b465ee728b)
Start importing Assets/RW/Prefabs/GoldSheep.prefab using Guid(260871c2e9093354cb9e1a79221ae6ca) Importer(815301076,1909f56bfc062723c751e8b465ee728b)  -> (artifact id: 'f7699ca2af1af13cda928b94e69ec9c9') in 0.005618 seconds
  Import took 0.006864 seconds .

========================================================================
Received Import Request.
  Time since last request: 0.000100 seconds.
  path: Assets/RW/Prefabs/Sheep.prefab
  artifactKey: Guid(01474fdf485085445984bb5b25d42717) Importer(815301076,1909f56bfc062723c751e8b465ee728b)
Start importing Assets/RW/Prefabs/Sheep.prefab using Guid(01474fdf485085445984bb5b25d42717) Importer(815301076,1909f56bfc062723c751e8b465ee728b)  -> (artifact id: '23a8bddd22e95903a98fb8ee51343ef2') in 0.006013 seconds
  Import took 0.007034 seconds .

========================================================================
Received Import Request.
  Time since last request: 0.003571 seconds.
  path: Assets/RW/Prefabs/Sheep.prefab
  artifactKey: Guid(01474fdf485085445984bb5b25d42717) Importer(815301076,1909f56bfc062723c751e8b465ee728b)
Start importing Assets/RW/Prefabs/Sheep.prefab using Guid(01474fdf485085445984bb5b25d42717) Importer(815301076,1909f56bfc062723c751e8b465ee728b)  -> (artifact id: '23a8bddd22e95903a98fb8ee51343ef2') in 0.005870 seconds
  Import took 0.006989 seconds .

========================================================================
Received Import Request.
  Time since last request: 26.373308 seconds.
  path: Assets/RW/Prefabs/EnemySheep.prefab
  artifactKey: Guid(2f926c802adc05f4e985b07c93130f5a) Importer(815301076,1909f56bfc062723c751e8b465ee728b)
Start importing Assets/RW/Prefabs/EnemySheep.prefab using Guid(2f926c802adc05f4e985b07c93130f5a) Importer(815301076,1909f56bfc062723c751e8b465ee728b)  -> (artifact id: '5f26d9167305b456d783cf6140afc883') in 0.005391 seconds
  Import took 0.006837 seconds .

========================================================================
Received Import Request.
  Time since last request: 3.703279 seconds.
  path: Assets/RW/Prefabs/EnemySheep.prefab
  artifactKey: Guid(2f926c802adc05f4e985b07c93130f5a) Importer(815301076,1909f56bfc062723c751e8b465ee728b)
Start importing Assets/RW/Prefabs/EnemySheep.prefab using Guid(2f926c802adc05f4e985b07c93130f5a) Importer(815301076,1909f56bfc062723c751e8b465ee728b)  -> (artifact id: '739ee475045023541ae8cb6a054b8da2') in 0.005409 seconds
  Import took 0.006922 seconds .

========================================================================
Received Prepare
Registering precompiled user dll's ...
Registered in 0.000380 seconds.
Begin MonoManager ReloadAssembly
Native extension for WindowsStandalone target not found
Native extension for OSXStandalone target not found
Refreshing native plugins compatible for Editor in 0.16 ms, found 0 plugins.
Preloading 0 native plugins for Editor in 0.00 ms.
Invoked RoslynAnalysisRunner static constructor.
RoslynAnalysisRunner will not be running.
RoslynAnalysisRunner has terminated.
Mono: successfully reloaded assembly
- Completed reload, in  0.369 seconds
Platform modules already initialized, skipping
Refreshing native plugins compatible for Editor in 0.22 ms, found 0 plugins.
Preloading 0 native plugins for Editor in 0.00 ms.
Unloading 1092 Unused Serialized files (Serialized files now loaded: 0)
System memory in use before: 61.5 MB.
System memory in use after: 61.6 MB.

Unloading 4 unused Assets to reduce memory usage. Loaded Objects now: 1609.
Total: 1.837100 ms (FindLiveObjects: 0.207400 ms CreateObjectMapping: 0.044400 ms MarkObjects: 1.570400 ms  DeleteObjects: 0.014300 ms)

========================================================================
Received Prepare
Registering precompiled user dll's ...
Registered in 0.000399 seconds.
Begin MonoManager ReloadAssembly
Native extension for WindowsStandalone target not found
Native extension for OSXStandalone target not found
Refreshing native plugins compatible for Editor in 0.16 ms, found 0 plugins.
Preloading 0 native plugins for Editor in 0.00 ms.
Invoked RoslynAnalysisRunner static constructor.
RoslynAnalysisRunner will not be running.
RoslynAnalysisRunner has terminated.
Mono: successfully reloaded assembly
- Completed reload, in  0.368 seconds
Platform modules already initialized, skipping
Refreshing native plugins compatible for Editor in 0.28 ms, found 0 plugins.
Preloading 0 native plugins for Editor in 0.00 ms.
Unloading 1092 Unused Serialized files (Serialized files now loaded: 0)
System memory in use before: 61.6 MB.
System memory in use after: 61.7 MB.

Unloading 4 unused Assets to reduce memory usage. Loaded Objects now: 1611.
Total: 1.083600 ms (FindLiveObjects: 0.107000 ms CreateObjectMapping: 0.015100 ms MarkObjects: 0.949200 ms  DeleteObjects: 0.011200 ms)

========================================================================
Received Prepare
Registering precompiled user dll's ...
Registered in 0.000375 seconds.
Begin MonoManager ReloadAssembly
Native extension for WindowsStandalone target not found
Native extension for OSXStandalone target not found
Refreshing native plugins compatible for Editor in 0.18 ms, found 0 plugins.
Preloading 0 native plugins for Editor in 0.00 ms.
Invoked RoslynAnalysisRunner static constructor.
RoslynAnalysisRunner will not be running.
RoslynAnalysisRunner has terminated.
Mono: successfully reloaded assembly
- Completed reload, in  0.392 seconds
Platform modules already initialized, skipping
Refreshing native plugins compatible for Editor in 0.28 ms, found 0 plugins.
Preloading 0 native plugins for Editor in 0.00 ms.
Unloading 1092 Unused Serialized files (Serialized files now loaded: 0)
System memory in use before: 61.6 MB.
System memory in use after: 61.7 MB.

Unloading 4 unused Assets to reduce memory usage. Loaded Objects now: 1613.
Total: 1.721500 ms (FindLiveObjects: 0.200100 ms CreateObjectMapping: 0.040900 ms MarkObjects: 1.464700 ms  DeleteObjects: 0.014700 ms)

========================================================================
Received Prepare
Registering precompiled user dll's ...
Registered in 0.000350 seconds.
Begin MonoManager ReloadAssembly
Native extension for WindowsStandalone target not found
Native extension for OSXStandalone target not found
Refreshing native plugins compatible for Editor in 0.17 ms, found 0 plugins.
Preloading 0 native plugins for Editor in 0.00 ms.
Invoked RoslynAnalysisRunner static constructor.
RoslynAnalysisRunner will not be running.
RoslynAnalysisRunner has terminated.
Mono: successfully reloaded assembly
- Completed reload, in  0.344 seconds
Platform modules already initialized, skipping
Refreshing native plugins compatible for Editor in 0.22 ms, found 0 plugins.
Preloading 0 native plugins for Editor in 0.00 ms.
Unloading 1092 Unused Serialized files (Serialized files now loaded: 0)
System memory in use before: 61.6 MB.
System memory in use after: 61.7 MB.

Unloading 4 unused Assets to reduce memory usage. Loaded Objects now: 1615.
Total: 1.689100 ms (FindLiveObjects: 0.150600 ms CreateObjectMapping: 0.024600 ms MarkObjects: 1.499800 ms  DeleteObjects: 0.013500 ms)

========================================================================
Received Prepare
Registering precompiled user dll's ...
Registered in 0.000336 seconds.
Begin MonoManager ReloadAssembly
Native extension for WindowsStandalone target not found
Native extension for OSXStandalone target not found
Refreshing native plugins compatible for Editor in 0.17 ms, found 0 plugins.
Preloading 0 native plugins for Editor in 0.00 ms.
Invoked RoslynAnalysisRunner static constructor.
RoslynAnalysisRunner will not be running.
RoslynAnalysisRunner has terminated.
Mono: successfully reloaded assembly
- Completed reload, in  0.439 seconds
Platform modules already initialized, skipping
Refreshing native plugins compatible for Editor in 0.22 ms, found 0 plugins.
Preloading 0 native plugins for Editor in 0.00 ms.
Unloading 1092 Unused Serialized files (Serialized files now loaded: 0)
System memory in use before: 61.6 MB.
System memory in use after: 61.7 MB.

Unloading 4 unused Assets to reduce memory usage. Loaded Objects now: 1617.
Total: 1.680500 ms (FindLiveObjects: 0.222200 ms CreateObjectMapping: 0.036400 ms MarkObjects: 1.404900 ms  DeleteObjects: 0.016200 ms)

========================================================================
Received Prepare
Registering precompiled user dll's ...
Registered in 0.000477 seconds.
Begin MonoManager ReloadAssembly
Native extension for WindowsStandalone target not found
Native extension for OSXStandalone target not found
Refreshing native plugins compatible for Editor in 0.16 ms, found 0 plugins.
Preloading 0 native plugins for Editor in 0.00 ms.
Invoked RoslynAnalysisRunner static constructor.
RoslynAnalysisRunner will not be running.
RoslynAnalysisRunner has terminated.
Mono: successfully reloaded assembly
- Completed reload, in  0.353 seconds
Platform modules already initialized, skipping
Refreshing native plugins compatible for Editor in 0.26 ms, found 0 plugins.
Preloading 0 native plugins for Editor in 0.00 ms.
Unloading 1092 Unused Serialized files (Serialized files now loaded: 0)
System memory in use before: 61.6 MB.
System memory in use after: 61.7 MB.

Unloading 4 unused Assets to reduce memory usage. Loaded Objects now: 1619.
Total: 1.101800 ms (FindLiveObjects: 0.134300 ms CreateObjectMapping: 0.020800 ms MarkObjects: 0.935300 ms  DeleteObjects: 0.010700 ms)

========================================================================
Received Prepare
Registering precompiled user dll's ...
Registered in 0.000376 seconds.
Begin MonoManager ReloadAssembly
Native extension for WindowsStandalone target not found
Native extension for OSXStandalone target not found
Refreshing native plugins compatible for Editor in 0.16 ms, found 0 plugins.
Preloading 0 native plugins for Editor in 0.00 ms.
Invoked RoslynAnalysisRunner static constructor.
RoslynAnalysisRunner will not be running.
RoslynAnalysisRunner has terminated.
Mono: successfully reloaded assembly
- Completed reload, in  0.368 seconds
Platform modules already initialized, skipping
Refreshing native plugins compatible for Editor in 0.23 ms, found 0 plugins.
Preloading 0 native plugins for Editor in 0.00 ms.
Unloading 1092 Unused Serialized files (Serialized files now loaded: 0)
System memory in use before: 61.6 MB.
System memory in use after: 61.7 MB.

Unloading 4 unused Assets to reduce memory usage. Loaded Objects now: 1621.
Total: 1.085400 ms (FindLiveObjects: 0.114600 ms CreateObjectMapping: 0.014800 ms MarkObjects: 0.943200 ms  DeleteObjects: 0.011900 ms)

========================================================================
Received Prepare
Registering precompiled user dll's ...
Registered in 0.000385 seconds.
Begin MonoManager ReloadAssembly
Native extension for WindowsStandalone target not found
Native extension for OSXStandalone target not found
Refreshing native plugins compatible for Editor in 0.16 ms, found 0 plugins.
Preloading 0 native plugins for Editor in 0.00 ms.
Invoked RoslynAnalysisRunner static constructor.
RoslynAnalysisRunner will not be running.
RoslynAnalysisRunner has terminated.
Mono: successfully reloaded assembly
- Completed reload, in  0.366 seconds
Platform modules already initialized, skipping
Refreshing native plugins compatible for Editor in 0.23 ms, found 0 plugins.
Preloading 0 native plugins for Editor in 0.00 ms.
Unloading 1092 Unused Serialized files (Serialized files now loaded: 0)
System memory in use before: 61.6 MB.
System memory in use after: 61.7 MB.

Unloading 4 unused Assets to reduce memory usage. Loaded Objects now: 1623.
Total: 1.606100 ms (FindLiveObjects: 0.155000 ms CreateObjectMapping: 0.026100 ms MarkObjects: 1.411000 ms  DeleteObjects: 0.013300 ms)

========================================================================
Received Prepare
Registering precompiled user dll's ...
Registered in 0.000349 seconds.
Begin MonoManager ReloadAssembly
Native extension for WindowsStandalone target not found
Native extension for OSXStandalone target not found
Refreshing native plugins compatible for Editor in 0.17 ms, found 0 plugins.
Preloading 0 native plugins for Editor in 0.00 ms.
Invoked RoslynAnalysisRunner static constructor.
RoslynAnalysisRunner will not be running.
RoslynAnalysisRunner has terminated.
Mono: successfully reloaded assembly
- Completed reload, in  0.349 seconds
Platform modules already initialized, skipping
Refreshing native plugins compatible for Editor in 0.26 ms, found 0 plugins.
Preloading 0 native plugins for Editor in 0.00 ms.
Unloading 1092 Unused Serialized files (Serialized files now loaded: 0)
System memory in use before: 61.6 MB.
System memory in use after: 61.7 MB.

Unloading 4 unused Assets to reduce memory usage. Loaded Objects now: 1625.
Total: 1.510600 ms (FindLiveObjects: 0.168000 ms CreateObjectMapping: 0.026200 ms MarkObjects: 1.303700 ms  DeleteObjects: 0.012100 ms)

========================================================================
Received Prepare
Registering precompiled user dll's ...
Registered in 0.000362 seconds.
Begin MonoManager ReloadAssembly
Native extension for WindowsStandalone target not found
Native extension for OSXStandalone target not found
Refreshing native plugins compatible for Editor in 0.15 ms, found 0 plugins.
Preloading 0 native plugins for Editor in 0.00 ms.
Invoked RoslynAnalysisRunner static constructor.
RoslynAnalysisRunner will not be running.
RoslynAnalysisRunner has terminated.
Mono: successfully reloaded assembly
- Completed reload, in  0.343 seconds
Platform modules already initialized, skipping
Refreshing native plugins compatible for Editor in 0.32 ms, found 0 plugins.
Preloading 0 native plugins for Editor in 0.00 ms.
Unloading 1092 Unused Serialized files (Serialized files now loaded: 0)
System memory in use before: 61.6 MB.
System memory in use after: 61.7 MB.

Unloading 4 unused Assets to reduce memory usage. Loaded Objects now: 1627.
Total: 1.733300 ms (FindLiveObjects: 0.152200 ms CreateObjectMapping: 0.025900 ms MarkObjects: 1.539400 ms  DeleteObjects: 0.015000 ms)

========================================================================
Received Import Request.
  Time since last request: 1557.562976 seconds.
  path: Assets/RW/Sounds/476177__unadamlar__wrong-choice.wav
  artifactKey: Guid(2c0ff303986418b47868365c33dd38c8) Importer(815301076,1909f56bfc062723c751e8b465ee728b)
Start importing Assets/RW/Sounds/476177__unadamlar__wrong-choice.wav using Guid(2c0ff303986418b47868365c33dd38c8) Importer(815301076,1909f56bfc062723c751e8b465ee728b)  -> (artifact id: '9198c454d3ea4d9def0a18c70b75b4e9') in 0.030191 seconds
  Import took 0.031674 seconds .

========================================================================
Received Prepare
Registering precompiled user dll's ...
Registered in 0.000396 seconds.
Begin MonoManager ReloadAssembly
Native extension for WindowsStandalone target not found
Native extension for OSXStandalone target not found
Refreshing native plugins compatible for Editor in 0.16 ms, found 0 plugins.
Preloading 0 native plugins for Editor in 0.00 ms.
Invoked RoslynAnalysisRunner static constructor.
RoslynAnalysisRunner will not be running.
RoslynAnalysisRunner has terminated.
Mono: successfully reloaded assembly
- Completed reload, in  0.347 seconds
Platform modules already initialized, skipping
Refreshing native plugins compatible for Editor in 0.34 ms, found 0 plugins.
Preloading 0 native plugins for Editor in 0.00 ms.
Unloading 1092 Unused Serialized files (Serialized files now loaded: 0)
System memory in use before: 61.7 MB.
System memory in use after: 61.8 MB.

Unloading 4 unused Assets to reduce memory usage. Loaded Objects now: 1632.
Total: 1.672000 ms (FindLiveObjects: 0.167300 ms CreateObjectMapping: 0.040600 ms MarkObjects: 1.449900 ms  DeleteObjects: 0.013300 ms)

========================================================================
Received Prepare
Registering precompiled user dll's ...
Registered in 0.000467 seconds.
Begin MonoManager ReloadAssembly
Native extension for WindowsStandalone target not found
Native extension for OSXStandalone target not found
Refreshing native plugins compatible for Editor in 0.17 ms, found 0 plugins.
Preloading 0 native plugins for Editor in 0.00 ms.
Invoked RoslynAnalysisRunner static constructor.
RoslynAnalysisRunner will not be running.
RoslynAnalysisRunner has terminated.
Mono: successfully reloaded assembly
- Completed reload, in  0.348 seconds
Platform modules already initialized, skipping
Refreshing native plugins compatible for Editor in 0.22 ms, found 0 plugins.
Preloading 0 native plugins for Editor in 0.00 ms.
Unloading 1092 Unused Serialized files (Serialized files now loaded: 0)
System memory in use before: 61.7 MB.
System memory in use after: 61.8 MB.

Unloading 4 unused Assets to reduce memory usage. Loaded Objects now: 1634.
Total: 1.011900 ms (FindLiveObjects: 0.101700 ms CreateObjectMapping: 0.014100 ms MarkObjects: 0.885100 ms  DeleteObjects: 0.010400 ms)

========================================================================
Received Prepare
Registering precompiled user dll's ...
Registered in 0.000313 seconds.
Begin MonoManager ReloadAssembly
Native extension for WindowsStandalone target not found
Native extension for OSXStandalone target not found
Refreshing native plugins compatible for Editor in 0.16 ms, found 0 plugins.
Preloading 0 native plugins for Editor in 0.00 ms.
Invoked RoslynAnalysisRunner static constructor.
RoslynAnalysisRunner will not be running.
RoslynAnalysisRunner has terminated.
Mono: successfully reloaded assembly
- Completed reload, in  0.341 seconds
Platform modules already initialized, skipping
Refreshing native plugins compatible for Editor in 0.28 ms, found 0 plugins.
Preloading 0 native plugins for Editor in 0.00 ms.
Unloading 1092 Unused Serialized files (Serialized files now loaded: 0)
System memory in use before: 61.7 MB.
System memory in use after: 61.8 MB.

Unloading 4 unused Assets to reduce memory usage. Loaded Objects now: 1636.
Total: 1.398500 ms (FindLiveObjects: 0.165100 ms CreateObjectMapping: 0.019500 ms MarkObjects: 1.202600 ms  DeleteObjects: 0.010500 ms)

AssetImportWorkerClient::OnTransportError - code=2 error=End of file
